0 info it worked if it ends with ok
1 verbose cli [ 'node', '/usr/local/bin/npm', 'owner', 'ls', 'stormpath-login' ]
2 info using npm@1.4.14
3 info using node@v0.10.29
4 verbose url raw stormpath-login
5 verbose url resolving [ 'https://registry.npmjs.org/', './stormpath-login' ]
6 verbose url resolved https://registry.npmjs.org/stormpath-login
7 info trying registry request attempt 1 at 10:40:53
8 http GET https://registry.npmjs.org/stormpath-login
9 http 404 https://registry.npmjs.org/stormpath-login
10 verbose headers { date: 'Mon, 01 Sep 2014 17:40:53 GMT',
10 verbose headers   server: 'CouchDB/1.5.0 (Erlang OTP/R16B03)',
10 verbose headers   'content-type': 'application/json',
10 verbose headers   'cache-control': 'max-age=0',
10 verbose headers   'content-length': '52',
10 verbose headers   'accept-ranges': 'bytes',
10 verbose headers   via: '1.1 varnish',
10 verbose headers   age: '0',
10 verbose headers   'x-served-by': 'cache-sjc3121-SJC',
10 verbose headers   'x-cache': 'MISS',
10 verbose headers   'x-cache-hits': '0',
10 verbose headers   'x-timer': 'S1409593253.389419,VS0,VE37',
10 verbose headers   'keep-alive': 'timeout=10, max=50',
10 verbose headers   connection: 'Keep-Alive' }
11 silly registry.get cb [ 404,
11 silly registry.get   { date: 'Mon, 01 Sep 2014 17:40:53 GMT',
11 silly registry.get     server: 'CouchDB/1.5.0 (Erlang OTP/R16B03)',
11 silly registry.get     'content-type': 'application/json',
11 silly registry.get     'cache-control': 'max-age=0',
11 silly registry.get     'content-length': '52',
11 silly registry.get     'accept-ranges': 'bytes',
11 silly registry.get     via: '1.1 varnish',
11 silly registry.get     age: '0',
11 silly registry.get     'x-served-by': 'cache-sjc3121-SJC',
11 silly registry.get     'x-cache': 'MISS',
11 silly registry.get     'x-cache-hits': '0',
11 silly registry.get     'x-timer': 'S1409593253.389419,VS0,VE37',
11 silly registry.get     'keep-alive': 'timeout=10, max=50',
11 silly registry.get     connection: 'Keep-Alive' } ]
12 error owner ls Couldn't get owner data stormpath-login
13 error 404 404 Not Found: stormpath-login
13 error 404
13 error 404 'stormpath-login' is not in the npm registry.
13 error 404 You should bug the author to publish it
13 error 404
13 error 404 Note that you can also install from a
13 error 404 tarball, folder, or http url, or git url.
14 error System Darwin 13.3.0
15 error command "node" "/usr/local/bin/npm" "owner" "ls" "stormpath-login"
16 error cwd /Users/blake/stormpath-login
17 error node -v v0.10.29
18 error npm -v 1.4.14
19 error code E404
20 verbose exit [ 1, true ]
